<?xml version="1.0" encoding="UTF-8"?>
<!-- Generated by org.testng.reporters.JUnitReportReporter -->
<testsuite hostname="DESKTOP-SHS08M3" name="TestModule1.Login" tests="1" failures="0" timestamp="6 May 2018 05:23:24 GMT" time="5.421" errors="0">
  <testcase name="Logintest" time="5.421" classname="TestModule1.Login"/>
</testsuite> <!-- TestModule1.Login -->
