<?xml version="1.0" encoding="UTF-8"?>
<!-- Generated by org.testng.reporters.JUnitReportReporter -->
<testsuite hostname="DESKTOP-SHS08M3" name="ExReader.TerstExcelwithhasttable" tests="5" failures="0" timestamp="1 May 2018 18:50:28 GMT" time="17.418" errors="0">
  <testcase name="test" time="3.477" classname="ExReader.TerstExcelwithhasttable"/>
  <testcase name="test" time="3.477" classname="ExReader.TerstExcelwithhasttable"/>
  <testcase name="test" time="3.508" classname="ExReader.TerstExcelwithhasttable"/>
  <testcase name="test" time="3.665" classname="ExReader.TerstExcelwithhasttable"/>
  <testcase name="test" time="3.291" classname="ExReader.TerstExcelwithhasttable"/>
</testsuite> <!-- ExReader.TerstExcelwithhasttable -->
