<?xml version="1.0" encoding="UTF-8"?>
<!-- Generated by org.testng.reporters.JUnitReportReporter -->
<testsuite hostname="DESKTOP-SHS08M3" name="rough.deleteemp" tests="1" failures="0" timestamp="6 May 2018 04:48:08 GMT" time="19.939" errors="0">
  <testcase name="adminclick" time="19.939" classname="rough.deleteemp"/>
</testsuite> <!-- rough.deleteemp -->
