<?xml version="1.0" encoding="UTF-8"?>
<!-- Generated by org.testng.reporters.JUnitReportReporter -->
<testsuite hostname="DESKTOP-SHS08M3" name="TestModule1.Deleteemp" tests="1" failures="0" timestamp="6 May 2018 05:23:24 GMT" time="18.119" errors="0">
  <testcase name="DeleteAllEmp" time="18.119" classname="TestModule1.Deleteemp"/>
</testsuite> <!-- TestModule1.Deleteemp -->
