<?xml version="1.0" encoding="UTF-8"?>
<!-- Generated by org.testng.reporters.JUnitReportReporter -->
<testsuite hostname="DESKTOP-SHS08M3" name="rough.rough" tests="1" failures="0" timestamp="5 May 2018 14:39:31 GMT" time="9.579" errors="0">
  <testcase name="adminclick" time="9.579" classname="rough.rough"/>
</testsuite> <!-- rough.rough -->
