<?xml version="1.0" encoding="UTF-8"?>
<!-- Generated by org.testng.reporters.JUnitReportReporter -->
<testsuite hostname="DESKTOP-SHS08M3" name="TestModule1.addemployee" tests="8" failures="0" timestamp="6 May 2018 05:23:24 GMT" time="82.950" errors="0">
  <testcase name="addemployeeTest" time="9.461" classname="TestModule1.addemployee"/>
  <testcase name="addemployeeTest" time="11.280" classname="TestModule1.addemployee"/>
  <testcase name="addemployeeTest" time="9.378" classname="TestModule1.addemployee"/>
  <testcase name="addemployeeTest" time="9.565" classname="TestModule1.addemployee"/>
  <testcase name="addemployeeTest" time="9.157" classname="TestModule1.addemployee"/>
  <testcase name="addemployeeTest" time="10.715" classname="TestModule1.addemployee"/>
  <testcase name="addemployeeTest" time="10.222" classname="TestModule1.addemployee"/>
  <testcase name="addemployeeTest" time="13.172" classname="TestModule1.addemployee"/>
</testsuite> <!-- TestModule1.addemployee -->
