<?xml version="1.0" encoding="UTF-8"?>
<!-- Generated by org.testng.reporters.JUnitReportReporter -->
<testsuite hostname="DESKTOP-SHS08M3" name="TestModule1.addemployee" tests="1" failures="0" timestamp="2 May 2018 18:38:34 GMT" time="2.040" errors="1">
  <testcase name="addemployeeTest" time="2.040" classname="TestModule1.addemployee">
    <error type="java.lang.StackOverflowError">
      <![CDATA[java.lang.StackOverflowError
	at POM.addEmployee.Admin(addEmployee.java:31)
	at POM.addEmployee.Admin(addEmployee.java:32)
	at POM.addEmployee.Admin(addEmployee.java:32)
	at POM.addEmployee.Admin(addEmployee.java:32)
	at POM.addEmployee.Admin(addEmployee.java:32)
	at POM.addEmployee.Admin(addEmployee.java:32)
	at POM.addEmployee.Admin(addEmployee.java:32)
	at POM.addEmployee.Admin(addEmployee.java:32)
	at POM.addEmployee.Admin(addEmployee.java:32)
	at POM.addEmployee.Admin(addEmployee.java:32)
	at POM.addEmployee.Admin(addEmployee.java:32)
	at POM.addEmployee.Admin(addEmployee.java:32)
	at POM.addEmployee.Admin(addEmployee.java:32)
	at POM.addEmployee.Admin(addEmployee.java:32)
	at POM.addEmployee.Admin(addEmployee.java:32)
	at POM.addEmployee.Admin(addEmployee.java:32)
	at POM.addEmployee.Admin(addEmployee.java:32)
	at POM.addEmployee.Admin(addEmployee.java:32)
	at POM.addEmployee.Admin(addEmployee.java:32)
	at POM.addEmployee.Admin(addEmployee.java:32)
	at POM.addEmployee.Admin(addEmployee.java:32)
	at POM.addEmployee.Admin(addEmployee.java:32)
	at POM.addEmployee.Admin(addEmployee.java:32)
	at POM.addEmployee.Admin(addEmployee.java:32)
	at POM.addEmployee.Admin(addEmployee.java:32)
	at POM.addEmployee.Admin(addEmployee.java:32)
	at POM.addEmployee.Admin(addEmployee.java:32)
	at POM.addEmployee.Admin(addEmployee.java:32)
	at POM.addEmployee.Admin(addEmployee.java:32)
	at POM.addEmployee.Admin(addEmployee.java:32)
	at POM.addEmployee.Admin(addEmployee.java:32)
	at POM.addEmployee.Admin(addEmployee.java:32)
	at POM.addEmployee.Admin(addEmployee.java:32)
	at POM.addEmployee.Admin(addEmployee.java:32)
	at POM.addEmployee.Admin(addEmployee.java:32)
	at POM.addEmployee.Admin(addEmployee.java:32)
	at POM.addEmployee.Admin(addEmployee.java:32)
	at POM.addEmployee.Admin(addEmployee.java:32)
	at POM.addEmployee.Admin(addEmployee.java:32)
	at POM.addEmployee.Admin(addEmployee.java:32)
	at POM.addEmployee.Admin(addEmployee.java:32)
	at POM.addEmployee.Admin(addEmployee.java:32)
	at POM.addEmployee.Admin(addEmployee.java:32)
	at POM.addEmployee.Admin(addEmployee.java:32)
	at POM.addEmployee.Admin(addEmployee.java:32)
	at POM.addEmployee.Admin(addEmployee.java:32)
	at POM.addEmployee.Admin(addEmployee.java:32)
	at POM.addEmployee.Admin(addEmployee.java:32)
	at POM.addEmployee.Admin(addEmployee.java:32)
	at POM.addEmployee.Admin(addEmployee.java:32)
	at POM.addEmployee.Admin(addEmployee.java:32)
	at POM.addEmployee.Admin(addEmployee.java:32)
	at POM.addEmployee.Admin(addEmployee.java:32)
	at POM.addEmployee.Admin(addEmployee.java:32)
	at POM.addEmployee.Admin(addEmployee.java:32)
	at POM.addEmployee.Admin(addEmployee.java:32)
	at POM.addEmployee.Admin(addEmployee.java:32)
	at POM.addEmployee.Admin(addEmployee.java:32)
	at POM.addEmployee.Admin(addEmployee.java:32)
	at POM.addEmployee.Admin(addEmployee.java:32)
	at POM.addEmployee.Admin(addEmployee.java:32)
	at POM.addEmployee.Admin(addEmployee.java:32)
	at POM.addEmployee.Admin(addEmployee.java:32)
	at POM.addEmployee.Admin(addEmployee.java:32)
	at POM.addEmployee.Admin(addEmployee.java:32)
	at POM.addEmployee.Admin(addEmployee.java:32)
	at POM.addEmployee.Admin(addEmployee.java:32)
	at POM.addEmployee.Admin(addEmployee.java:32)
	at POM.addEmployee.Admin(addEmployee.java:32)
	at POM.addEmployee.Admin(addEmployee.java:32)
	at POM.addEmployee.Admin(addEmployee.java:32)
	at POM.addEmployee.Admin(addEmployee.java:32)
	at POM.addEmployee.Admin(addEmployee.java:32)
	at POM.addEmployee.Admin(addEmployee.java:32)
	at POM.addEmployee.Admin(addEmployee.java:32)
	at POM.addEmployee.Admin(addEmployee.java:32)
	at POM.addEmployee.Admin(addEmployee.java:32)
	at POM.addEmployee.Admin(addEmployee.java:32)
	at POM.addEmployee.Admin(addEmployee.java:32)
	at POM.addEmployee.Admin(addEmployee.java:32)
	at POM.addEmployee.Admin(addEmployee.java:32)
	at POM.addEmployee.Admin(addEmployee.java:32)
	at POM.addEmployee.Admin(addEmployee.java:32)
	at POM.addEmployee.Admin(addEmployee.java:32)
	at POM.addEmployee.Admin(addEmployee.java:32)
	at POM.addEmployee.Admin(addEmployee.java:32)
	at POM.addEmployee.Admin(addEmployee.java:32)
	at POM.addEmployee.Admin(addEmployee.java:32)
	at POM.addEmployee.Admin(addEmployee.java:32)
	at POM.addEmployee.Admin(addEmployee.java:32)
	at POM.addEmployee.Admin(addEmployee.java:32)
	at POM.addEmployee.Admin(addEmployee.java:32)
	at POM.addEmployee.Admin(addEmployee.java:32)
	at POM.addEmployee.Admin(addEmployee.java:32)
	at POM.addEmployee.Admin(addEmployee.java:32)
	at POM.addEmployee.Admin(addEmployee.java:32)
	at POM.addEmployee.Admin(addEmployee.java:32)
	at POM.addEmployee.Admin(addEmployee.java:32)
	at POM.addEmployee.Admin(addEmployee.java:32)
	at POM.addEmployee.Admin(addEmployee.java:32)
	at POM.addEmployee.Admin(addEmployee.java:32)
	at POM.addEmployee.Admin(addEmployee.java:32)
	at POM.addEmployee.Admin(addEmployee.java:32)
	at POM.addEmployee.Admin(addEmployee.java:32)
	at POM.addEmployee.Admin(addEmployee.java:32)
	at POM.addEmployee.Admin(addEmployee.java:32)
	at POM.addEmployee.Admin(addEmployee.java:32)
	at POM.addEmployee.Admin(addEmployee.java:32)
	at POM.addEmployee.Admin(addEmployee.java:32)
	at POM.addEmployee.Admin(addEmployee.java:32)
	at POM.addEmployee.Admin(addEmployee.java:32)
	at POM.addEmployee.Admin(addEmployee.java:32)
	at POM.addEmployee.Admin(addEmployee.java:32)
	at POM.addEmployee.Admin(addEmployee.java:32)
	at POM.addEmployee.Admin(addEmployee.java:32)
	at POM.addEmployee.Admin(addEmployee.java:32)
	at POM.addEmployee.Admin(addEmployee.java:32)
	at POM.addEmployee.Admin(addEmployee.java:32)
	at POM.addEmployee.Admin(addEmployee.java:32)
	at POM.addEmployee.Admin(addEmployee.java:32)
	at POM.addEmployee.Admin(addEmployee.java:32)
	at POM.addEmployee.Admin(addEmployee.java:32)
	at POM.addEmployee.Admin(addEmployee.java:32)
	at POM.addEmployee.Admin(addEmployee.java:32)
	at POM.addEmployee.Admin(addEmployee.java:32)
	at POM.addEmployee.Admin(addEmployee.java:32)
	at POM.addEmployee.Admin(addEmployee.java:32)
	at POM.addEmployee.Admin(addEmployee.java:32)
	at POM.addEmployee.Admin(addEmployee.java:32)
	at POM.addEmployee.Admin(addEmployee.java:32)
	at POM.addEmployee.Admin(addEmployee.java:32)
	at POM.addEmployee.Admin(addEmployee.java:32)
	at POM.addEmployee.Admin(addEmployee.java:32)
	at POM.addEmployee.Admin(addEmployee.java:32)
	at POM.addEmployee.Admin(addEmployee.java:32)
	at POM.addEmployee.Admin(addEmployee.java:32)
	at POM.addEmployee.Admin(addEmployee.java:32)
	at POM.addEmployee.Admin(addEmployee.java:32)
	at POM.addEmployee.Admin(addEmployee.java:32)
	at POM.addEmployee.Admin(addEmployee.java:32)
	at POM.addEmployee.Admin(addEmployee.java:32)
	at POM.addEmployee.Admin(addEmployee.java:32)
	at POM.addEmployee.Admin(addEmployee.java:32)
	at POM.addEmployee.Admin(addEmployee.java:32)
	at POM.addEmployee.Admin(addEmployee.java:32)
	at POM.addEmployee.Admin(addEmployee.java:32)
	at POM.addEmployee.Admin(addEmployee.java:32)
	at POM.addEmployee.Admin(addEmployee.java:32)
	at POM.addEmployee.Admin(addEmployee.java:32)
	at POM.addEmployee.Admin(addEmployee.java:32)
	at POM.addEmployee.Admin(addEmployee.java:32)
	at POM.addEmployee.Admin(addEmployee.java:32)
	at POM.addEmployee.Admin(addEmployee.java:32)
	at POM.addEmployee.Admin(addEmployee.java:32)
	at POM.addEmployee.Admin(addEmployee.java:32)
	at POM.addEmployee.Admin(addEmployee.java:32)
	at POM.addEmployee.Admin(addEmployee.java:32)
	at POM.addEmployee.Admin(addEmployee.java:32)
	at POM.addEmployee.Admin(addEmployee.java:32)
	at POM.addEmployee.Admin(addEmployee.java:32)
	at POM.addEmployee.Admin(addEmployee.java:32)
	at POM.addEmployee.Admin(addEmployee.java:32)
	at POM.addEmployee.Admin(addEmployee.java:32)
	at POM.addEmployee.Admin(addEmployee.java:32)
	at POM.addEmployee.Admin(addEmployee.java:32)
	at POM.addEmployee.Admin(addEmployee.java:32)
	at POM.addEmployee.Admin(addEmployee.java:32)
	at POM.addEmployee.Admin(addEmployee.java:32)
	at POM.addEmployee.Admin(addEmployee.java:32)
	at POM.addEmployee.Admin(addEmployee.java:32)
	at POM.addEmployee.Admin(addEmployee.java:32)
	at POM.addEmployee.Admin(addEmployee.java:32)
	at POM.addEmployee.Admin(addEmployee.java:32)
	at POM.addEmployee.Admin(addEmployee.java:32)
	at POM.addEmployee.Admin(addEmployee.java:32)
	at POM.addEmployee.Admin(addEmployee.java:32)
	at POM.addEmployee.Admin(addEmployee.java:32)
	at POM.addEmployee.Admin(addEmployee.java:32)
	at POM.addEmployee.Admin(addEmployee.java:32)
	at POM.addEmployee.Admin(addEmployee.java:32)
	at POM.addEmployee.Admin(addEmployee.java:32)
	at POM.addEmployee.Admin(addEmployee.java:32)
	at POM.addEmployee.Admin(addEmployee.java:32)
	at POM.addEmployee.Admin(addEmployee.java:32)
	at POM.addEmployee.Admin(addEmployee.java:32)
	at POM.addEmployee.Admin(addEmployee.java:32)
	at POM.addEmployee.Admin(addEmployee.java:32)
	at POM.addEmployee.Admin(addEmployee.java:32)
	at POM.addEmployee.Admin(addEmployee.java:32)
	at POM.addEmployee.Admin(addEmployee.java:32)
	at POM.addEmployee.Admin(addEmployee.java:32)
	at POM.addEmployee.Admin(addEmployee.java:32)
	at POM.addEmployee.Admin(addEmployee.java:32)
	at POM.addEmployee.Admin(addEmployee.java:32)
	at POM.addEmployee.Admin(addEmployee.java:32)
	at POM.addEmployee.Admin(addEmployee.java:32)
	at POM.addEmployee.Admin(addEmployee.java:32)
	at POM.addEmployee.Admin(addEmployee.java:32)
	at POM.addEmployee.Admin(addEmployee.java:32)
	at POM.addEmployee.Admin(addEmployee.java:32)
	at POM.addEmployee.Admin(addEmployee.java:32)
	at POM.addEmployee.Admin(addEmployee.java:32)
	at POM.addEmployee.Admin(addEmployee.java:32)
	at POM.addEmployee.Admin(addEmployee.java:32)
	at POM.addEmployee.Admin(addEmployee.java:32)
	at POM.addEmployee.Admin(addEmployee.java:32)
	at POM.addEmployee.Admin(addEmployee.java:32)
	at POM.addEmployee.Admin(addEmployee.java:32)
	at POM.addEmployee.Admin(addEmployee.java:32)
	at POM.addEmployee.Admin(addEmployee.java:32)
	at POM.addEmployee.Admin(addEmployee.java:32)
	at POM.addEmployee.Admin(addEmployee.java:32)
	at POM.addEmployee.Admin(addEmployee.java:32)
	at POM.addEmployee.Admin(addEmployee.java:32)
	at POM.addEmployee.Admin(addEmployee.java:32)
	at POM.addEmployee.Admin(addEmployee.java:32)
	at POM.addEmployee.Admin(addEmployee.java:32)
	at POM.addEmployee.Admin(addEmployee.java:32)
	at POM.addEmployee.Admin(addEmployee.java:32)
	at POM.addEmployee.Admin(addEmployee.java:32)
	at POM.addEmployee.Admin(addEmployee.java:32)
	at POM.addEmployee.Admin(addEmployee.java:32)
	at POM.addEmployee.Admin(addEmployee.java:32)
	at POM.addEmployee.Admin(addEmployee.java:32)
	at POM.addEmployee.Admin(addEmployee.java:32)
	at POM.addEmployee.Admin(addEmployee.java:32)
	at POM.addEmployee.Admin(addEmployee.java:32)
	at POM.addEmployee.Admin(addEmployee.java:32)
	at POM.addEmployee.Admin(addEmployee.java:32)
	at POM.addEmployee.Admin(addEmployee.java:32)
	at POM.addEmployee.Admin(addEmployee.java:32)
	at POM.addEmployee.Admin(addEmployee.java:32)
	at POM.addEmployee.Admin(addEmployee.java:32)
	at POM.addEmployee.Admin(addEmployee.java:32)
	at POM.addEmployee.Admin(addEmployee.java:32)
	at POM.addEmployee.Admin(addEmployee.java:32)
	at POM.addEmployee.Admin(addEmployee.java:32)
	at POM.addEmployee.Admin(addEmployee.java:32)
	at POM.addEmployee.Admin(addEmployee.java:32)
	at POM.addEmployee.Admin(addEmployee.java:32)
	at POM.addEmployee.Admin(addEmployee.java:32)
	at POM.addEmployee.Admin(addEmployee.java:32)
	at POM.addEmployee.Admin(addEmployee.java:32)
	at POM.addEmployee.Admin(addEmployee.java:32)
	at POM.addEmployee.Admin(addEmployee.java:32)
	at POM.addEmployee.Admin(addEmployee.java:32)
	at POM.addEmployee.Admin(addEmployee.java:32)
	at POM.addEmployee.Admin(addEmployee.java:32)
	at POM.addEmployee.Admin(addEmployee.java:32)
	at POM.addEmployee.Admin(addEmployee.java:32)
	at POM.addEmployee.Admin(addEmployee.java:32)
	at POM.addEmployee.Admin(addEmployee.java:32)
	at POM.addEmployee.Admin(addEmployee.java:32)
	at POM.addEmployee.Admin(addEmployee.java:32)
	at POM.addEmployee.Admin(addEmployee.java:32)
	at POM.addEmployee.Admin(addEmployee.java:32)
	at POM.addEmployee.Admin(addEmployee.java:32)
	at POM.addEmployee.Admin(addEmployee.java:32)
	at POM.addEmployee.Admin(addEmployee.java:32)
	at POM.addEmployee.Admin(addEmployee.java:32)
	at POM.addEmployee.Admin(addEmployee.java:32)
	at POM.addEmployee.Admin(addEmployee.java:32)
	at POM.addEmployee.Admin(addEmployee.java:32)
	at POM.addEmployee.Admin(addEmployee.java:32)
	at POM.addEmployee.Admin(addEmployee.java:32)
	at POM.addEmployee.Admin(addEmployee.java:32)
	at POM.addEmployee.Admin(addEmployee.java:32)
	at POM.addEmployee.Admin(addEmployee.java:32)
	at POM.addEmployee.Admin(addEmployee.java:32)
	at POM.addEmployee.Admin(addEmployee.java:32)
	at POM.addEmployee.Admin(addEmployee.java:32)
	at POM.addEmployee.Admin(addEmployee.java:32)
	at POM.addEmployee.Admin(addEmployee.java:32)
	at POM.addEmployee.Admin(addEmployee.java:32)
	at POM.addEmployee.Admin(addEmployee.java:32)
	at POM.addEmployee.Admin(addEmployee.java:32)
	at POM.addEmployee.Admin(addEmployee.java:32)
	at POM.addEmployee.Admin(addEmployee.java:32)
	at POM.addEmployee.Admin(addEmployee.java:32)
	at POM.addEmployee.Admin(addEmployee.java:32)
	at POM.addEmployee.Admin(addEmployee.java:32)
	at POM.addEmployee.Admin(addEmployee.java:32)
	at POM.addEmployee.Admin(addEmployee.java:32)
	at POM.addEmployee.Admin(addEmployee.java:32)
	at POM.addEmployee.Admin(addEmployee.java:32)
	at POM.addEmployee.Admin(addEmployee.java:32)
	at POM.addEmployee.Admin(addEmployee.java:32)
	at POM.addEmployee.Admin(addEmployee.java:32)
	at POM.addEmployee.Admin(addEmployee.java:32)
	at POM.addEmployee.Admin(addEmployee.java:32)
	at POM.addEmployee.Admin(addEmployee.java:32)
	at POM.addEmployee.Admin(addEmployee.java:32)
	at POM.addEmployee.Admin(addEmployee.java:32)
	at POM.addEmployee.Admin(addEmployee.java:32)
	at POM.addEmployee.Admin(addEmployee.java:32)
	at POM.addEmployee.Admin(addEmployee.java:32)
	at POM.addEmployee.Admin(addEmployee.java:32)
	at POM.addEmployee.Admin(addEmployee.java:32)
	at POM.addEmployee.Admin(addEmployee.java:32)
	at POM.addEmployee.Admin(addEmployee.java:32)
	at POM.addEmployee.Admin(addEmployee.java:32)
	at POM.addEmployee.Admin(addEmployee.java:32)
	at POM.addEmployee.Admin(addEmployee.java:32)
	at POM.addEmployee.Admin(addEmployee.java:32)
	at POM.addEmployee.Admin(addEmployee.java:32)
	at POM.addEmployee.Admin(addEmployee.java:32)
	at POM.addEmployee.Admin(addEmployee.java:32)
	at POM.addEmployee.Admin(addEmployee.java:32)
	at POM.addEmployee.Admin(addEmployee.java:32)
	at POM.addEmployee.Admin(addEmployee.java:32)
	at POM.addEmployee.Admin(addEmployee.java:32)
	at POM.addEmployee.Admin(addEmployee.java:32)
	at POM.addEmployee.Admin(addEmployee.java:32)
	at POM.addEmployee.Admin(addEmployee.java:32)
	at POM.addEmployee.Admin(addEmployee.java:32)
	at POM.addEmployee.Admin(addEmployee.java:32)
	at POM.addEmployee.Admin(addEmployee.java:32)
	at POM.addEmployee.Admin(addEmployee.java:32)
	at POM.addEmployee.Admin(addEmployee.java:32)
	at POM.addEmployee.Admin(addEmployee.java:32)
	at POM.addEmployee.Admin(addEmployee.java:32)
	at POM.addEmployee.Admin(addEmployee.java:32)
	at POM.addEmployee.Admin(addEmployee.java:32)
	at POM.addEmployee.Admin(addEmployee.java:32)
	at POM.addEmployee.Admin(addEmployee.java:32)
	at POM.addEmployee.Admin(addEmployee.java:32)
	at POM.addEmployee.Admin(addEmployee.java:32)
	at POM.addEmployee.Admin(addEmployee.java:32)
	at POM.addEmployee.Admin(addEmployee.java:32)
	at POM.addEmployee.Admin(addEmployee.java:32)
	at POM.addEmployee.Admin(addEmployee.java:32)
	at POM.addEmployee.Admin(addEmployee.java:32)
	at POM.addEmployee.Admin(addEmployee.java:32)
	at POM.addEmployee.Admin(addEmployee.java:32)
	at POM.addEmployee.Admin(addEmployee.java:32)
	at POM.addEmployee.Admin(addEmployee.java:32)
	at POM.addEmployee.Admin(addEmployee.java:32)
	at POM.addEmployee.Admin(addEmployee.java:32)
	at POM.addEmployee.Admin(addEmployee.java:32)
	at POM.addEmployee.Admin(addEmployee.java:32)
	at POM.addEmployee.Admin(addEmployee.java:32)
	at POM.addEmployee.Admin(addEmployee.java:32)
	at POM.addEmployee.Admin(addEmployee.java:32)
	at POM.addEmployee.Admin(addEmployee.java:32)
	at POM.addEmployee.Admin(addEmployee.java:32)
	at POM.addEmployee.Admin(addEmployee.java:32)
	at POM.addEmployee.Admin(addEmployee.java:32)
	at POM.addEmployee.Admin(addEmployee.java:32)
	at POM.addEmployee.Admin(addEmployee.java:32)
	at POM.addEmployee.Admin(addEmployee.java:32)
	at POM.addEmployee.Admin(addEmployee.java:32)
	at POM.addEmployee.Admin(addEmployee.java:32)
	at POM.addEmployee.Admin(addEmployee.java:32)
	at POM.addEmployee.Admin(addEmployee.java:32)
	at POM.addEmployee.Admin(addEmployee.java:32)
	at POM.addEmployee.Admin(addEmployee.java:32)
	at POM.addEmployee.Admin(addEmployee.java:32)
	at POM.addEmployee.Admin(addEmployee.java:32)
	at POM.addEmployee.Admin(addEmployee.java:32)
	at POM.addEmployee.Admin(addEmployee.java:32)
	at POM.addEmployee.Admin(addEmployee.java:32)
	at POM.addEmployee.Admin(addEmployee.java:32)
	at POM.addEmployee.Admin(addEmployee.java:32)
	at POM.addEmployee.Admin(addEmployee.java:32)
	at POM.addEmployee.Admin(addEmployee.java:32)
	at POM.addEmployee.Admin(addEmployee.java:32)
	at POM.addEmployee.Admin(addEmployee.java:32)
	at POM.addEmployee.Admin(addEmployee.java:32)
	at POM.addEmployee.Admin(addEmployee.java:32)
	at POM.addEmployee.Admin(addEmployee.java:32)
	at POM.addEmployee.Admin(addEmployee.java:32)
	at POM.addEmployee.Admin(addEmployee.java:32)
	at POM.addEmployee.Admin(addEmployee.java:32)
	at POM.addEmployee.Admin(addEmployee.java:32)
	at POM.addEmployee.Admin(addEmployee.java:32)
	at POM.addEmployee.Admin(addEmployee.java:32)
	at POM.addEmployee.Admin(addEmployee.java:32)
	at POM.addEmployee.Admin(addEmployee.java:32)
	at POM.addEmployee.Admin(addEmployee.java:32)
	at POM.addEmployee.Admin(addEmployee.java:32)
	at POM.addEmployee.Admin(addEmployee.java:32)
	at POM.addEmployee.Admin(addEmployee.java:32)
	at POM.addEmployee.Admin(addEmployee.java:32)
	at POM.addEmployee.Admin(addEmployee.java:32)
	at POM.addEmployee.Admin(addEmployee.java:32)
	at POM.addEmployee.Admin(addEmployee.java:32)
	at POM.addEmployee.Admin(addEmployee.java:32)
	at POM.addEmployee.Admin(addEmployee.java:32)
	at POM.addEmployee.Admin(addEmployee.java:32)
	at POM.addEmployee.Admin(addEmployee.java:32)
	at POM.addEmployee.Admin(addEmployee.java:32)
	at POM.addEmployee.Admin(addEmployee.java:32)
	at POM.addEmployee.Admin(addEmployee.java:32)
	at POM.addEmployee.Admin(addEmployee.java:32)
	at POM.addEmployee.Admin(addEmployee.java:32)
	at POM.addEmployee.Admin(addEmployee.java:32)
	at POM.addEmployee.Admin(addEmployee.java:32)
	at POM.addEmployee.Admin(addEmployee.java:32)
	at POM.addEmployee.Admin(addEmployee.java:32)
	at POM.addEmployee.Admin(addEmployee.java:32)
	at POM.addEmployee.Admin(addEmployee.java:32)
	at POM.addEmployee.Admin(addEmployee.java:32)
	at POM.addEmployee.Admin(addEmployee.java:32)
	at POM.addEmployee.Admin(addEmployee.java:32)
	at POM.addEmployee.Admin(addEmployee.java:32)
	at POM.addEmployee.Admin(addEmployee.java:32)
	at POM.addEmployee.Admin(addEmployee.java:32)
	at POM.addEmployee.Admin(addEmployee.java:32)
	at POM.addEmployee.Admin(addEmployee.java:32)
	at POM.addEmployee.Admin(addEmployee.java:32)
	at POM.addEmployee.Admin(addEmployee.java:32)
	at POM.addEmployee.Admin(addEmployee.java:32)
	at POM.addEmployee.Admin(addEmployee.java:32)
	at POM.addEmployee.Admin(addEmployee.java:32)
	at POM.addEmployee.Admin(addEmployee.java:32)
	at POM.addEmployee.Admin(addEmployee.java:32)
	at POM.addEmployee.Admin(addEmployee.java:32)
	at POM.addEmployee.Admin(addEmployee.java:32)
	at POM.addEmployee.Admin(addEmployee.java:32)
	at POM.addEmployee.Admin(addEmployee.java:32)
	at POM.addEmployee.Admin(addEmployee.java:32)
	at POM.addEmployee.Admin(addEmployee.java:32)
	at POM.addEmployee.Admin(addEmployee.java:32)
	at POM.addEmployee.Admin(addEmployee.java:32)
	at POM.addEmployee.Admin(addEmployee.java:32)
	at POM.addEmployee.Admin(addEmployee.java:32)
	at POM.addEmployee.Admin(addEmployee.java:32)
	at POM.addEmployee.Admin(addEmployee.java:32)
	at POM.addEmployee.Admin(addEmployee.java:32)
	at POM.addEmployee.Admin(addEmployee.java:32)
	at POM.addEmployee.Admin(addEmployee.java:32)
	at POM.addEmployee.Admin(addEmployee.java:32)
	at POM.addEmployee.Admin(addEmployee.java:32)
	at POM.addEmployee.Admin(addEmployee.java:32)
	at POM.addEmployee.Admin(addEmployee.java:32)
	at POM.addEmployee.Admin(addEmployee.java:32)
	at POM.addEmployee.Admin(addEmployee.java:32)
	at POM.addEmployee.Admin(addEmployee.java:32)
	at POM.addEmployee.Admin(addEmployee.java:32)
	at POM.addEmployee.Admin(addEmployee.java:32)
	at POM.addEmployee.Admin(addEmployee.java:32)
	at POM.addEmployee.Admin(addEmployee.java:32)
	at POM.addEmployee.Admin(addEmployee.java:32)
	at POM.addEmployee.Admin(addEmployee.java:32)
	at POM.addEmployee.Admin(addEmployee.java:32)
	at POM.addEmployee.Admin(addEmployee.java:32)
	at POM.addEmployee.Admin(addEmployee.java:32)
	at POM.addEmployee.Admin(addEmployee.java:32)
	at POM.addEmployee.Admin(addEmployee.java:32)
	at POM.addEmployee.Admin(addEmployee.java:32)
	at POM.addEmployee.Admin(addEmployee.java:32)
	at POM.addEmployee.Admin(addEmployee.java:32)
	at POM.addEmployee.Admin(addEmployee.java:32)
	at POM.addEmployee.Admin(addEmployee.java:32)
	at POM.addEmployee.Admin(addEmployee.java:32)
	at POM.addEmployee.Admin(addEmployee.java:32)
	at POM.addEmployee.Admin(addEmployee.java:32)
	at POM.addEmployee.Admin(addEmployee.java:32)
	at POM.addEmployee.Admin(addEmployee.java:32)
	at POM.addEmployee.Admin(addEmployee.java:32)
	at POM.addEmployee.Admin(addEmployee.java:32)
	at POM.addEmployee.Admin(addEmployee.java:32)
	at POM.addEmployee.Admin(addEmployee.java:32)
	at POM.addEmployee.Admin(addEmployee.java:32)
	at POM.addEmployee.Admin(addEmployee.java:32)
	at POM.addEmployee.Admin(addEmployee.java:32)
	at POM.addEmployee.Admin(addEmployee.java:32)
	at POM.addEmployee.Admin(addEmployee.java:32)
	at POM.addEmployee.Admin(addEmployee.java:32)
	at POM.addEmployee.Admin(addEmployee.java:32)
	at POM.addEmployee.Admin(addEmployee.java:32)
	at POM.addEmployee.Admin(addEmployee.java:32)
	at POM.addEmployee.Admin(addEmployee.java:32)
	at POM.addEmployee.Admin(addEmployee.java:32)
	at POM.addEmployee.Admin(addEmployee.java:32)
	at POM.addEmployee.Admin(addEmployee.java:32)
	at POM.addEmployee.Admin(addEmployee.java:32)
	at POM.addEmployee.Admin(addEmployee.java:32)
	at POM.addEmployee.Admin(addEmployee.java:32)
	at POM.addEmployee.Admin(addEmployee.java:32)
	at POM.addEmployee.Admin(addEmployee.java:32)
	at POM.addEmployee.Admin(addEmployee.java:32)
	at POM.addEmployee.Admin(addEmployee.java:32)
	at POM.addEmployee.Admin(addEmployee.java:32)
	at POM.addEmployee.Admin(addEmployee.java:32)
	at POM.addEmployee.Admin(addEmployee.java:32)
	at POM.addEmployee.Admin(addEmployee.java:32)
	at POM.addEmployee.Admin(addEmployee.java:32)
	at POM.addEmployee.Admin(addEmployee.java:32)
	at POM.addEmployee.Admin(addEmployee.java:32)
	at POM.addEmployee.Admin(addEmployee.java:32)
	at POM.addEmployee.Admin(addEmployee.java:32)
	at POM.addEmployee.Admin(addEmployee.java:32)
	at POM.addEmployee.Admin(addEmployee.java:32)
	at POM.addEmployee.Admin(addEmployee.java:32)
	at POM.addEmployee.Admin(addEmployee.java:32)
	at POM.addEmployee.Admin(addEmployee.java:32)
	at POM.addEmployee.Admin(addEmployee.java:32)
	at POM.addEmployee.Admin(addEmployee.java:32)
	at POM.addEmployee.Admin(addEmployee.java:32)
	at POM.addEmployee.Admin(addEmployee.java:32)
	at POM.addEmployee.Admin(addEmployee.java:32)
	at POM.addEmployee.Admin(addEmployee.java:32)
	at POM.addEmployee.Admin(addEmployee.java:32)
	at POM.addEmployee.Admin(addEmployee.java:32)
	at POM.addEmployee.Admin(addEmployee.java:32)
	at POM.addEmployee.Admin(addEmployee.java:32)
	at POM.addEmployee.Admin(addEmployee.java:32)
	at POM.addEmployee.Admin(addEmployee.java:32)
	at POM.addEmployee.Admin(addEmployee.java:32)
	at POM.addEmployee.Admin(addEmployee.java:32)
	at POM.addEmployee.Admin(addEmployee.java:32)
	at POM.addEmployee.Admin(addEmployee.java:32)
	at POM.addEmployee.Admin(addEmployee.java:32)
	at POM.addEmployee.Admin(addEmployee.java:32)
	at POM.addEmployee.Admin(addEmployee.java:32)
	at POM.addEmployee.Admin(addEmployee.java:32)
	at POM.addEmployee.Admin(addEmployee.java:32)
	at POM.addEmployee.Admin(addEmployee.java:32)
	at POM.addEmployee.Admin(addEmployee.java:32)
	at POM.addEmployee.Admin(addEmployee.java:32)
	at POM.addEmployee.Admin(addEmployee.java:32)
	at POM.addEmployee.Admin(addEmployee.java:32)
	at POM.addEmployee.Admin(addEmployee.java:32)
	at POM.addEmployee.Admin(addEmployee.java:32)
	at POM.addEmployee.Admin(addEmployee.java:32)
	at POM.addEmployee.Admin(addEmployee.java:32)
	at POM.addEmployee.Admin(addEmployee.java:32)
	at POM.addEmployee.Admin(addEmployee.java:32)
	at POM.addEmployee.Admin(addEmployee.java:32)
	at POM.addEmployee.Admin(addEmployee.java:32)
	at POM.addEmployee.Admin(addEmployee.java:32)
	at POM.addEmployee.Admin(addEmployee.java:32)
	at POM.addEmployee.Admin(addEmployee.java:32)
	at POM.addEmployee.Admin(addEmployee.java:32)
	at POM.addEmployee.Admin(addEmployee.java:32)
	at POM.addEmployee.Admin(addEmployee.java:32)
	at POM.addEmployee.Admin(addEmployee.java:32)
	at POM.addEmployee.Admin(addEmployee.java:32)
	at POM.addEmployee.Admin(addEmployee.java:32)
	at POM.addEmployee.Admin(addEmployee.java:32)
	at POM.addEmployee.Admin(addEmployee.java:32)
	at POM.addEmployee.Admin(addEmployee.java:32)
	at POM.addEmployee.Admin(addEmployee.java:32)
	at POM.addEmployee.Admin(addEmployee.java:32)
	at POM.addEmployee.Admin(addEmployee.java:32)
	at POM.addEmployee.Admin(addEmployee.java:32)
	at POM.addEmployee.Admin(addEmployee.java:32)
	at POM.addEmployee.Admin(addEmployee.java:32)
	at POM.addEmployee.Admin(addEmployee.java:32)
	at POM.addEmployee.Admin(addEmployee.java:32)
	at POM.addEmployee.Admin(addEmployee.java:32)
	at POM.addEmployee.Admin(addEmployee.java:32)
	at POM.addEmployee.Admin(addEmployee.java:32)
	at POM.addEmployee.Admin(addEmployee.java:32)
	at POM.addEmployee.Admin(addEmployee.java:32)
	at POM.addEmployee.Admin(addEmployee.java:32)
	at POM.addEmployee.Admin(addEmployee.java:32)
	at POM.addEmployee.Admin(addEmployee.java:32)
	at POM.addEmployee.Admin(addEmployee.java:32)
	at POM.addEmployee.Admin(addEmployee.java:32)
	at POM.addEmployee.Admin(addEmployee.java:32)
	at POM.addEmployee.Admin(addEmployee.java:32)
	at POM.addEmployee.Admin(addEmployee.java:32)
	at POM.addEmployee.Admin(addEmployee.java:32)
	at POM.addEmployee.Admin(addEmployee.java:32)
	at POM.addEmployee.Admin(addEmployee.java:32)
	at POM.addEmployee.Admin(addEmployee.java:32)
	at POM.addEmployee.Admin(addEmployee.java:32)
	at POM.addEmployee.Admin(addEmployee.java:32)
	at POM.addEmployee.Admin(addEmployee.java:32)
	at POM.addEmployee.Admin(addEmployee.java:32)
	at POM.addEmployee.Admin(addEmployee.java:32)
	at POM.addEmployee.Admin(addEmployee.java:32)
	at POM.addEmployee.Admin(addEmployee.java:32)
	at POM.addEmployee.Admin(addEmployee.java:32)
	at POM.addEmployee.Admin(addEmployee.java:32)
	at POM.addEmployee.Admin(addEmployee.java:32)
	at POM.addEmployee.Admin(addEmployee.java:32)
	at POM.addEmployee.Admin(addEmployee.java:32)
	at POM.addEmployee.Admin(addEmployee.java:32)
	at POM.addEmployee.Admin(addEmployee.java:32)
	at POM.addEmployee.Admin(addEmployee.java:32)
	at POM.addEmployee.Admin(addEmployee.java:32)
	at POM.addEmployee.Admin(addEmployee.java:32)
	at POM.addEmployee.Admin(addEmployee.java:32)
	at POM.addEmployee.Admin(addEmployee.java:32)
	at POM.addEmployee.Admin(addEmployee.java:32)
	at POM.addEmployee.Admin(addEmployee.java:32)
	at POM.addEmployee.Admin(addEmployee.java:32)
	at POM.addEmployee.Admin(addEmployee.java:32)
	at POM.addEmployee.Admin(addEmployee.java:32)
	at POM.addEmployee.Admin(addEmployee.java:32)
	at POM.addEmployee.Admin(addEmployee.java:32)
	at POM.addEmployee.Admin(addEmployee.java:32)
	at POM.addEmployee.Admin(addEmployee.java:32)
	at POM.addEmployee.Admin(addEmployee.java:32)
	at POM.addEmployee.Admin(addEmployee.java:32)
	at POM.addEmployee.Admin(addEmployee.java:32)
	at POM.addEmployee.Admin(addEmployee.java:32)
	at POM.addEmployee.Admin(addEmployee.java:32)
	at POM.addEmployee.Admin(addEmployee.java:32)
	at POM.addEmployee.Admin(addEmployee.java:32)
	at POM.addEmployee.Admin(addEmployee.java:32)
	at POM.addEmployee.Admin(addEmployee.java:32)
	at POM.addEmployee.Admin(addEmployee.java:32)
	at POM.addEmployee.Admin(addEmployee.java:32)
	at POM.addEmployee.Admin(addEmployee.java:32)
	at POM.addEmployee.Admin(addEmployee.java:32)
	at POM.addEmployee.Admin(addEmployee.java:32)
	at POM.addEmployee.Admin(addEmployee.java:32)
	at POM.addEmployee.Admin(addEmployee.java:32)
	at POM.addEmployee.Admin(addEmployee.java:32)
	at POM.addEmployee.Admin(addEmployee.java:32)
	at POM.addEmployee.Admin(addEmployee.java:32)
	at POM.addEmployee.Admin(addEmployee.java:32)
	at POM.addEmployee.Admin(addEmployee.java:32)
	at POM.addEmployee.Admin(addEmployee.java:32)
	at POM.addEmployee.Admin(addEmployee.java:32)
	at POM.addEmployee.Admin(addEmployee.java:32)
	at POM.addEmployee.Admin(addEmployee.java:32)
	at POM.addEmployee.Admin(addEmployee.java:32)
	at POM.addEmployee.Admin(addEmployee.java:32)
	at POM.addEmployee.Admin(addEmployee.java:32)
	at POM.addEmployee.Admin(addEmployee.java:32)
	at POM.addEmployee.Admin(addEmployee.java:32)
	at POM.addEmployee.Admin(addEmployee.java:32)
	at POM.addEmployee.Admin(addEmployee.java:32)
	at POM.addEmployee.Admin(addEmployee.java:32)
	at POM.addEmployee.Admin(addEmployee.java:32)
	at POM.addEmployee.Admin(addEmployee.java:32)
	at POM.addEmployee.Admin(addEmployee.java:32)
	at POM.addEmployee.Admin(addEmployee.java:32)
	at POM.addEmployee.Admin(addEmployee.java:32)
	at POM.addEmployee.Admin(addEmployee.java:32)
	at POM.addEmployee.Admin(addEmployee.java:32)
	at POM.addEmployee.Admin(addEmployee.java:32)
	at POM.addEmployee.Admin(addEmployee.java:32)
	at POM.addEmployee.Admin(addEmployee.java:32)
	at POM.addEmployee.Admin(addEmployee.java:32)
	at POM.addEmployee.Admin(addEmployee.java:32)
	at POM.addEmployee.Admin(addEmployee.java:32)
	at POM.addEmployee.Admin(addEmployee.java:32)
	at POM.addEmployee.Admin(addEmployee.java:32)
	at POM.addEmployee.Admin(addEmployee.java:32)
	at POM.addEmployee.Admin(addEmployee.java:32)
	at POM.addEmployee.Admin(addEmployee.java:32)
	at POM.addEmployee.Admin(addEmployee.java:32)
	at POM.addEmployee.Admin(addEmployee.java:32)
	at POM.addEmployee.Admin(addEmployee.java:32)
	at POM.addEmployee.Admin(addEmployee.java:32)
	at POM.addEmployee.Admin(addEmployee.java:32)
	at POM.addEmployee.Admin(addEmployee.java:32)
	at POM.addEmployee.Admin(addEmployee.java:32)
	at POM.addEmployee.Admin(addEmployee.java:32)
	at POM.addEmployee.Admin(addEmployee.java:32)
	at POM.addEmployee.Admin(addEmployee.java:32)
	at POM.addEmployee.Admin(addEmployee.java:32)
	at POM.addEmployee.Admin(addEmployee.java:32)
	at POM.addEmployee.Admin(addEmployee.java:32)
	at POM.addEmployee.Admin(addEmployee.java:32)
	at POM.addEmployee.Admin(addEmployee.java:32)
	at POM.addEmployee.Admin(addEmployee.java:32)
	at POM.addEmployee.Admin(addEmployee.java:32)
	at POM.addEmployee.Admin(addEmployee.java:32)
	at POM.addEmployee.Admin(addEmployee.java:32)
	at POM.addEmployee.Admin(addEmployee.java:32)
	at POM.addEmployee.Admin(addEmployee.java:32)
	at POM.addEmployee.Admin(addEmployee.java:32)
	at POM.addEmployee.Admin(addEmployee.java:32)
	at POM.addEmployee.Admin(addEmployee.java:32)
	at POM.addEmployee.Admin(addEmployee.java:32)
	at POM.addEmployee.Admin(addEmployee.java:32)
	at POM.addEmployee.Admin(addEmployee.java:32)
	at POM.addEmployee.Admin(addEmployee.java:32)
	at POM.addEmployee.Admin(addEmployee.java:32)
	at POM.addEmployee.Admin(addEmployee.java:32)
	at POM.addEmployee.Admin(addEmployee.java:32)
	at POM.addEmployee.Admin(addEmployee.java:32)
	at POM.addEmployee.Admin(addEmployee.java:32)
	at POM.addEmployee.Admin(addEmployee.java:32)
	at POM.addEmployee.Admin(addEmployee.java:32)
	at POM.addEmployee.Admin(addEmployee.java:32)
	at POM.addEmployee.Admin(addEmployee.java:32)
	at POM.addEmployee.Admin(addEmployee.java:32)
	at POM.addEmployee.Admin(addEmployee.java:32)
	at POM.addEmployee.Admin(addEmployee.java:32)
	at POM.addEmployee.Admin(addEmployee.java:32)
	at POM.addEmployee.Admin(addEmployee.java:32)
	at POM.addEmployee.Admin(addEmployee.java:32)
	at POM.addEmployee.Admin(addEmployee.java:32)
	at POM.addEmployee.Admin(addEmployee.java:32)
	at POM.addEmployee.Admin(addEmployee.java:32)
	at POM.addEmployee.Admin(addEmployee.java:32)
	at POM.addEmployee.Admin(addEmployee.java:32)
	at POM.addEmployee.Admin(addEmployee.java:32)
	at POM.addEmployee.Admin(addEmployee.java:32)
	at POM.addEmployee.Admin(addEmployee.java:32)
	at POM.addEmployee.Admin(addEmployee.java:32)
	at POM.addEmployee.Admin(addEmployee.java:32)
	at POM.addEmployee.Admin(addEmployee.java:32)
	at POM.addEmployee.Admin(addEmployee.java:32)
	at POM.addEmployee.Admin(addEmployee.java:32)
	at POM.addEmployee.Admin(addEmployee.java:32)
	at POM.addEmployee.Admin(addEmployee.java:32)
	at POM.addEmployee.Admin(addEmployee.java:32)
	at POM.addEmployee.Admin(addEmployee.java:32)
	at POM.addEmployee.Admin(addEmployee.java:32)
	at POM.addEmployee.Admin(addEmployee.java:32)
	at POM.addEmployee.Admin(addEmployee.java:32)
	at POM.addEmployee.Admin(addEmployee.java:32)
	at POM.addEmployee.Admin(addEmployee.java:32)
	at POM.addEmployee.Admin(addEmployee.java:32)
	at POM.addEmployee.Admin(addEmployee.java:32)
	at POM.addEmployee.Admin(addEmployee.java:32)
	at POM.addEmployee.Admin(addEmployee.java:32)
	at POM.addEmployee.Admin(addEmployee.java:32)
	at POM.addEmployee.Admin(addEmployee.java:32)
	at POM.addEmployee.Admin(addEmployee.java:32)
	at POM.addEmployee.Admin(addEmployee.java:32)
	at POM.addEmployee.Admin(addEmployee.java:32)
	at POM.addEmployee.Admin(addEmployee.java:32)
	at POM.addEmployee.Admin(addEmployee.java:32)
	at POM.addEmployee.Admin(addEmployee.java:32)
	at POM.addEmployee.Admin(addEmployee.java:32)
	at POM.addEmployee.Admin(addEmployee.java:32)
	at POM.addEmployee.Admin(addEmployee.java:32)
	at POM.addEmployee.Admin(addEmployee.java:32)
	at POM.addEmployee.Admin(addEmployee.java:32)
	at POM.addEmployee.Admin(addEmployee.java:32)
	at POM.addEmployee.Admin(addEmployee.java:32)
	at POM.addEmployee.Admin(addEmployee.java:32)
	at POM.addEmployee.Admin(addEmployee.java:32)
	at POM.addEmployee.Admin(addEmployee.java:32)
	at POM.addEmployee.Admin(addEmployee.java:32)
	at POM.addEmployee.Admin(addEmployee.java:32)
	at POM.addEmployee.Admin(addEmployee.java:32)
	at POM.addEmployee.Admin(addEmployee.java:32)
	at POM.addEmployee.Admin(addEmployee.java:32)
	at POM.addEmployee.Admin(addEmployee.java:32)
	at POM.addEmployee.Admin(addEmployee.java:32)
	at POM.addEmployee.Admin(addEmployee.java:32)
	at POM.addEmployee.Admin(addEmployee.java:32)
	at POM.addEmployee.Admin(addEmployee.java:32)
	at POM.addEmployee.Admin(addEmployee.java:32)
	at POM.addEmployee.Admin(addEmployee.java:32)
	at POM.addEmployee.Admin(addEmployee.java:32)
	at POM.addEmployee.Admin(addEmployee.java:32)
	at POM.addEmployee.Admin(addEmployee.java:32)
	at POM.addEmployee.Admin(addEmployee.java:32)
	at POM.addEmployee.Admin(addEmployee.java:32)
	at POM.addEmployee.Admin(addEmployee.java:32)
	at POM.addEmployee.Admin(addEmployee.java:32)
	at POM.addEmployee.Admin(addEmployee.java:32)
	at POM.addEmployee.Admin(addEmployee.java:32)
	at POM.addEmployee.Admin(addEmployee.java:32)
	at POM.addEmployee.Admin(addEmployee.java:32)
	at POM.addEmployee.Admin(addEmployee.java:32)
	at POM.addEmployee.Admin(addEmployee.java:32)
	at POM.addEmployee.Admin(addEmployee.java:32)
	at POM.addEmployee.Admin(addEmployee.java:32)
	at POM.addEmployee.Admin(addEmployee.java:32)
	at POM.addEmployee.Admin(addEmployee.java:32)
	at POM.addEmployee.Admin(addEmployee.java:32)
	at POM.addEmployee.Admin(addEmployee.java:32)
	at POM.addEmployee.Admin(addEmployee.java:32)
	at POM.addEmployee.Admin(addEmployee.java:32)
	at POM.addEmployee.Admin(addEmployee.java:32)
	at POM.addEmployee.Admin(addEmployee.java:32)
	at POM.addEmployee.Admin(addEmployee.java:32)
	at POM.addEmployee.Admin(addEmployee.java:32)
	at POM.addEmployee.Admin(addEmployee.java:32)
	at POM.addEmployee.Admin(addEmployee.java:32)
	at POM.addEmployee.Admin(addEmployee.java:32)
	at POM.addEmployee.Admin(addEmployee.java:32)
	at POM.addEmployee.Admin(addEmployee.java:32)
	at POM.addEmployee.Admin(addEmployee.java:32)
	at POM.addEmployee.Admin(addEmployee.java:32)
	at POM.addEmployee.Admin(addEmployee.java:32)
	at POM.addEmployee.Admin(addEmployee.java:32)
	at POM.addEmployee.Admin(addEmployee.java:32)
	at POM.addEmployee.Admin(addEmployee.java:32)
	at POM.addEmployee.Admin(addEmployee.java:32)
	at POM.addEmployee.Admin(addEmployee.java:32)
	at POM.addEmployee.Admin(addEmployee.java:32)
	at POM.addEmployee.Admin(addEmployee.java:32)
	at POM.addEmployee.Admin(addEmployee.java:32)
	at POM.addEmployee.Admin(addEmployee.java:32)
	at POM.addEmployee.Admin(addEmployee.java:32)
	at POM.addEmployee.Admin(addEmployee.java:32)
	at POM.addEmployee.Admin(addEmployee.java:32)
	at POM.addEmployee.Admin(addEmployee.java:32)
	at POM.addEmployee.Admin(addEmployee.java:32)
	at POM.addEmployee.Admin(addEmployee.java:32)
	at POM.addEmployee.Admin(addEmployee.java:32)
	at POM.addEmployee.Admin(addEmployee.java:32)
	at POM.addEmployee.Admin(addEmployee.java:32)
	at POM.addEmployee.Admin(addEmployee.java:32)
	at POM.addEmployee.Admin(addEmployee.java:32)
	at POM.addEmployee.Admin(addEmployee.java:32)
	at POM.addEmployee.Admin(addEmployee.java:32)
	at POM.addEmployee.Admin(addEmployee.java:32)
	at POM.addEmployee.Admin(addEmployee.java:32)
	at POM.addEmployee.Admin(addEmployee.java:32)
	at POM.addEmployee.Admin(addEmployee.java:32)
	at POM.addEmployee.Admin(addEmployee.java:32)
	at POM.addEmployee.Admin(addEmployee.java:32)
	at POM.addEmployee.Admin(addEmployee.java:32)
	at POM.addEmployee.Admin(addEmployee.java:32)
	at POM.addEmployee.Admin(addEmployee.java:32)
	at POM.addEmployee.Admin(addEmployee.java:32)
	at POM.addEmployee.Admin(addEmployee.java:32)
	at POM.addEmployee.Admin(addEmployee.java:32)
	at POM.addEmployee.Admin(addEmployee.java:32)
	at POM.addEmployee.Admin(addEmployee.java:32)
	at POM.addEmployee.Admin(addEmployee.java:32)
	at POM.addEmployee.Admin(addEmployee.java:32)
	at POM.addEmployee.Admin(addEmployee.java:32)
	at POM.addEmployee.Admin(addEmployee.java:32)
	at POM.addEmployee.Admin(addEmployee.java:32)
	at POM.addEmployee.Admin(addEmployee.java:32)
	at POM.addEmployee.Admin(addEmployee.java:32)
	at POM.addEmployee.Admin(addEmployee.java:32)
	at POM.addEmployee.Admin(addEmployee.java:32)
	at POM.addEmployee.Admin(addEmployee.java:32)
	at POM.addEmployee.Admin(addEmployee.java:32)
	at POM.addEmployee.Admin(addEmployee.java:32)
	at POM.addEmployee.Admin(addEmployee.java:32)
	at POM.addEmployee.Admin(addEmployee.java:32)
	at POM.addEmployee.Admin(addEmployee.java:32)
	at POM.addEmployee.Admin(addEmployee.java:32)
	at POM.addEmployee.Admin(addEmployee.java:32)
	at POM.addEmployee.Admin(addEmployee.java:32)
	at POM.addEmployee.Admin(addEmployee.java:32)
	at POM.addEmployee.Admin(addEmployee.java:32)
	at POM.addEmployee.Admin(addEmployee.java:32)
	at POM.addEmployee.Admin(addEmployee.java:32)
	at POM.addEmployee.Admin(addEmployee.java:32)
	at POM.addEmployee.Admin(addEmployee.java:32)
	at POM.addEmployee.Admin(addEmployee.java:32)
	at POM.addEmployee.Admin(addEmployee.java:32)
	at POM.addEmployee.Admin(addEmployee.java:32)
	at POM.addEmployee.Admin(addEmployee.java:32)
	at POM.addEmployee.Admin(addEmployee.java:32)
	at POM.addEmployee.Admin(addEmployee.java:32)
	at POM.addEmployee.Admin(addEmployee.java:32)
	at POM.addEmployee.Admin(addEmployee.java:32)
	at POM.addEmployee.Admin(addEmployee.java:32)
	at POM.addEmployee.Admin(addEmployee.java:32)
	at POM.addEmployee.Admin(addEmployee.java:32)
	at POM.addEmployee.Admin(addEmployee.java:32)
	at POM.addEmployee.Admin(addEmployee.java:32)
	at POM.addEmployee.Admin(addEmployee.java:32)
	at POM.addEmployee.Admin(addEmployee.java:32)
	at POM.addEmployee.Admin(addEmployee.java:32)
	at POM.addEmployee.Admin(addEmployee.java:32)
	at POM.addEmployee.Admin(addEmployee.java:32)
	at POM.addEmployee.Admin(addEmployee.java:32)
	at POM.addEmployee.Admin(addEmployee.java:32)
	at POM.addEmployee.Admin(addEmployee.java:32)
	at POM.addEmployee.Admin(addEmployee.java:32)
	at POM.addEmployee.Admin(addEmployee.java:32)
	at POM.addEmployee.Admin(addEmployee.java:32)
	at POM.addEmployee.Admin(addEmployee.java:32)
	at POM.addEmployee.Admin(addEmployee.java:32)
	at POM.addEmployee.Admin(addEmployee.java:32)
	at POM.addEmployee.Admin(addEmployee.java:32)
	at POM.addEmployee.Admin(addEmployee.java:32)
	at POM.addEmployee.Admin(addEmployee.java:32)
	at POM.addEmployee.Admin(addEmployee.java:32)
	at POM.addEmployee.Admin(addEmployee.java:32)
	at POM.addEmployee.Admin(addEmployee.java:32)
	at POM.addEmployee.Admin(addEmployee.java:32)
	at POM.addEmployee.Admin(addEmployee.java:32)
	at POM.addEmployee.Admin(addEmployee.java:32)
	at POM.addEmployee.Admin(addEmployee.java:32)
	at POM.addEmployee.Admin(addEmployee.java:32)
	at POM.addEmployee.Admin(addEmployee.java:32)
	at POM.addEmployee.Admin(addEmployee.java:32)
	at POM.addEmployee.Admin(addEmployee.java:32)
	at POM.addEmployee.Admin(addEmployee.java:32)
	at POM.addEmployee.Admin(addEmployee.java:32)
	at POM.addEmployee.Admin(addEmployee.java:32)
	at POM.addEmployee.Admin(addEmployee.java:32)
	at POM.addEmployee.Admin(addEmployee.java:32)
	at POM.addEmployee.Admin(addEmployee.java:32)
	at POM.addEmployee.Admin(addEmployee.java:32)
	at POM.addEmployee.Admin(addEmployee.java:32)
	at POM.addEmployee.Admin(addEmployee.java:32)
	at POM.addEmployee.Admin(addEmployee.java:32)
	at POM.addEmployee.Admin(addEmployee.java:32)
	at POM.addEmployee.Admin(addEmployee.java:32)
	at POM.addEmployee.Admin(addEmployee.java:32)
	at POM.addEmployee.Admin(addEmployee.java:32)
	at POM.addEmployee.Admin(addEmployee.java:32)
	at POM.addEmployee.Admin(addEmployee.java:32)
	at POM.addEmployee.Admin(addEmployee.java:32)
	at POM.addEmployee.Admin(addEmployee.java:32)
	at POM.addEmployee.Admin(addEmployee.java:32)
	at POM.addEmployee.Admin(addEmployee.java:32)
	at POM.addEmployee.Admin(addEmployee.java:32)
	at POM.addEmployee.Admin(addEmployee.java:32)
	at POM.addEmployee.Admin(addEmployee.java:32)
	at POM.addEmployee.Admin(addEmployee.java:32)
	at POM.addEmployee.Admin(addEmployee.java:32)
	at POM.addEmployee.Admin(addEmployee.java:32)
	at POM.addEmployee.Admin(addEmployee.java:32)
	at POM.addEmployee.Admin(addEmployee.java:32)
	at POM.addEmployee.Admin(addEmployee.java:32)
	at POM.addEmployee.Admin(addEmployee.java:32)
	at POM.addEmployee.Admin(addEmployee.java:32)
	at POM.addEmployee.Admin(addEmployee.java:32)
	at POM.addEmployee.Admin(addEmployee.java:32)
	at POM.addEmployee.Admin(addEmployee.java:32)
	at POM.addEmployee.Admin(addEmployee.java:32)
	at POM.addEmployee.Admin(addEmployee.java:32)
	at POM.addEmployee.Admin(addEmployee.java:32)
	at POM.addEmployee.Admin(addEmployee.java:32)
	at POM.addEmployee.Admin(addEmployee.java:32)
	at POM.addEmployee.Admin(addEmployee.java:32)
	at POM.addEmployee.Admin(addEmployee.java:32)
	at POM.addEmployee.Admin(addEmployee.java:32)
	at POM.addEmployee.Admin(addEmployee.java:32)
	at POM.addEmployee.Admin(addEmployee.java:32)
	at POM.addEmployee.Admin(addEmployee.java:32)
	at POM.addEmployee.Admin(addEmployee.java:32)
	at POM.addEmployee.Admin(addEmployee.java:32)
	at POM.addEmployee.Admin(addEmployee.java:32)
	at POM.addEmployee.Admin(addEmployee.java:32)
	at POM.addEmployee.Admin(addEmployee.java:32)
	at POM.addEmployee.Admin(addEmployee.java:32)
	at POM.addEmployee.Admin(addEmployee.java:32)
	at POM.addEmployee.Admin(addEmployee.java:32)
	at POM.addEmployee.Admin(addEmployee.java:32)
	at POM.addEmployee.Admin(addEmployee.java:32)
	at POM.addEmployee.Admin(addEmployee.java:32)
	at POM.addEmployee.Admin(addEmployee.java:32)
	at POM.addEmployee.Admin(addEmployee.java:32)
	at POM.addEmployee.Admin(addEmployee.java:32)
	at POM.addEmployee.Admin(addEmployee.java:32)
	at POM.addEmployee.Admin(addEmployee.java:32)
	at POM.addEmployee.Admin(addEmployee.java:32)
	at POM.addEmployee.Admin(addEmployee.java:32)
	at POM.addEmployee.Admin(addEmployee.java:32)
	at POM.addEmployee.Admin(addEmployee.java:32)
	at POM.addEmployee.Admin(addEmployee.java:32)
	at POM.addEmployee.Admin(addEmployee.java:32)
	at POM.addEmployee.Admin(addEmployee.java:32)
	at POM.addEmployee.Admin(addEmployee.java:32)
	at POM.addEmployee.Admin(addEmployee.java:32)
	at POM.addEmployee.Admin(addEmployee.java:32)
	at POM.addEmployee.Admin(addEmployee.java:32)
	at POM.addEmployee.Admin(addEmployee.java:32)
	at POM.addEmployee.Admin(addEmployee.java:32)
	at POM.addEmployee.Admin(addEmployee.java:32)
	at POM.addEmployee.Admin(addEmployee.java:32)
	at POM.addEmployee.Admin(addEmployee.java:32)
	at POM.addEmployee.Admin(addEmployee.java:32)
	at POM.addEmployee.Admin(addEmployee.java:32)
	at POM.addEmployee.Admin(addEmployee.java:32)
	at POM.addEmployee.Admin(addEmployee.java:32)
	at POM.addEmployee.Admin(addEmployee.java:32)
	at POM.addEmployee.Admin(addEmployee.java:32)
	at POM.addEmployee.Admin(addEmployee.java:32)
	at POM.addEmployee.Admin(addEmployee.java:32)
	at POM.addEmployee.Admin(addEmployee.java:32)
	at POM.addEmployee.Admin(addEmployee.java:32)
	at POM.addEmployee.Admin(addEmployee.java:32)
	at POM.addEmployee.Admin(addEmployee.java:32)
	at POM.addEmployee.Admin(addEmployee.java:32)
	at POM.addEmployee.Admin(addEmployee.java:32)
	at POM.addEmployee.Admin(addEmployee.java:32)
	at POM.addEmployee.Admin(addEmployee.java:32)
	at POM.addEmployee.Admin(addEmployee.java:32)
	at POM.addEmployee.Admin(addEmployee.java:32)
	at POM.addEmployee.Admin(addEmployee.java:32)
	at POM.addEmployee.Admin(addEmployee.java:32)
	at POM.addEmployee.Admin(addEmployee.java:32)
	at POM.addEmployee.Admin(addEmployee.java:32)
	at POM.addEmployee.Admin(addEmployee.java:32)
	at POM.addEmployee.Admin(addEmployee.java:32)
	at POM.addEmployee.Admin(addEmployee.java:32)
	at POM.addEmployee.Admin(addEmployee.java:32)
	at POM.addEmployee.Admin(addEmployee.java:32)
	at POM.addEmployee.Admin(addEmployee.java:32)
	at POM.addEmployee.Admin(addEmployee.java:32)
	at POM.addEmployee.Admin(addEmployee.java:32)
	at POM.addEmployee.Admin(addEmployee.java:32)
	at POM.addEmployee.Admin(addEmployee.java:32)
	at POM.addEmployee.Admin(addEmployee.java:32)
	at POM.addEmployee.Admin(addEmployee.java:32)
	at POM.addEmployee.Admin(addEmployee.java:32)
	at POM.addEmployee.Admin(addEmployee.java:32)
	at POM.addEmployee.Admin(addEmployee.java:32)
	at POM.addEmployee.Admin(addEmployee.java:32)
	at POM.addEmployee.Admin(addEmployee.java:32)
	at POM.addEmployee.Admin(addEmployee.java:32)
	at POM.addEmployee.Admin(addEmployee.java:32)
	at POM.addEmployee.Admin(addEmployee.java:32)
	at POM.addEmployee.Admin(addEmployee.java:32)
	at POM.addEmployee.Admin(addEmployee.java:32)
	at POM.addEmployee.Admin(addEmployee.java:32)
	at POM.addEmployee.Admin(addEmployee.java:32)
	at POM.addEmployee.Admin(addEmployee.java:32)
	at POM.addEmployee.Admin(addEmployee.java:32)
	at POM.addEmployee.Admin(addEmployee.java:32)
	at POM.addEmployee.Admin(addEmployee.java:32)
	at POM.addEmployee.Admin(addEmployee.java:32)
	at POM.addEmployee.Admin(addEmployee.java:32)
	at POM.addEmployee.Admin(addEmployee.java:32)
	at POM.addEmployee.Admin(addEmployee.java:32)
	at POM.addEmployee.Admin(addEmployee.java:32)
	at POM.addEmployee.Admin(addEmployee.java:32)
	at POM.addEmployee.Admin(addEmployee.java:32)
	at POM.addEmployee.Admin(addEmployee.java:32)
	at POM.addEmployee.Admin(addEmployee.java:32)
	at POM.addEmployee.Admin(addEmployee.java:32)
	at POM.addEmployee.Admin(addEmployee.java:32)
	at POM.addEmployee.Admin(addEmployee.java:32)
	at POM.addEmployee.Admin(addEmployee.java:32)
	at POM.addEmployee.Admin(addEmployee.java:32)
	at POM.addEmployee.Admin(addEmployee.java:32)
	at POM.addEmployee.Admin(addEmployee.java:32)
	at POM.addEmployee.Admin(addEmployee.java:32)
]]>
    </error>
  </testcase> <!-- addemployeeTest -->
</testsuite> <!-- TestModule1.addemployee -->
